Performing C SOURCE FILE Test HAVE_THREAD_LOCAL_STORAGE failed with the following output:
Change Dir: /home/aaa/nlopt/cmake-build-debug/CMakeFiles/CMakeTmp

Run Build Command(s):/usr/bin/make cmTC_e9069/fast && /usr/bin/make  -f CMakeFiles/cmTC_e9069.dir/build.make CMakeFiles/cmTC_e9069.dir/build
make[1]: Entering directory '/home/aaa/nlopt/cmake-build-debug/CMakeFiles/CMakeTmp'
Building C object CMakeFiles/cmTC_e9069.dir/src.c.o
/usr/bin/cc   -DHAVE_THREAD_LOCAL_STORAGE   -o CMakeFiles/cmTC_e9069.dir/src.c.o   -c /home/aaa/nlopt/cmake-build-debug/CMakeFiles/CMakeTmp/src.c
/home/aaa/nlopt/cmake-build-debug/CMakeFiles/CMakeTmp/src.c:2:5: warning: return type defaults to ‘int’ [-Wimplicit-int]
     __declspec(thread) int tls;
     ^~~~~~~~~~
/home/aaa/nlopt/cmake-build-debug/CMakeFiles/CMakeTmp/src.c: In function ‘__declspec’:
/home/aaa/nlopt/cmake-build-debug/CMakeFiles/CMakeTmp/src.c:4:20: error: expected ‘=’, ‘,’, ‘;’, ‘asm’ or ‘__attribute__’ before ‘{’ token
     int main(void) {
                    ^
/home/aaa/nlopt/cmake-build-debug/CMakeFiles/CMakeTmp/src.c:2:5: warning: type of ‘thread’ defaults to ‘int’ [-Wimplicit-int]
     __declspec(thread) int tls;
     ^~~~~~~~~~
/home/aaa/nlopt/cmake-build-debug/CMakeFiles/CMakeTmp/src.c:2:28: error: declaration for parameter ‘tls’ but no such parameter
     __declspec(thread) int tls;
                            ^~~
/home/aaa/nlopt/cmake-build-debug/CMakeFiles/CMakeTmp/src.c:6:5: error: expected ‘{’ at end of input
     }
     ^
CMakeFiles/cmTC_e9069.dir/build.make:85: recipe for target 'CMakeFiles/cmTC_e9069.dir/src.c.o' failed
make[1]: *** [CMakeFiles/cmTC_e9069.dir/src.c.o] Error 1
make[1]: Leaving directory '/home/aaa/nlopt/cmake-build-debug/CMakeFiles/CMakeTmp'
Makefile:141: recipe for target 'cmTC_e9069/fast' failed
make: *** [cmTC_e9069/fast] Error 2


Source file was:

    __declspec(thread) int tls;

    int main(void) {
        return 0;
    }
