Performing C SOURCE FILE Test HAVE_C_FLAG_Wunused_private_field failed with the following output:
Change Dir: /home/aaa/fp-solver/cvc5/build/CMakeFiles/CMakeTmp

Run Build Command(s):/usr/bin/make -f Makefile cmTC_6ad64/fast && /usr/bin/make  -f CMakeFiles/cmTC_6ad64.dir/build.make CMakeFiles/cmTC_6ad64.dir/build
make[1]: Entering directory '/home/aaa/fp-solver/cvc5/build/CMakeFiles/CMakeTmp'
Building C object CMakeFiles/cmTC_6ad64.dir/src.c.o
/usr/bin/cc -DHAVE_C_FLAG_Wunused_private_field  -O3 -Wall    -Wunused-private-field -std=gnu99 -o CMakeFiles/cmTC_6ad64.dir/src.c.o -c /home/aaa/fp-solver/cvc5/build/CMakeFiles/CMakeTmp/src.c
cc: error: unrecognized command line option '-Wunused-private-field'; did you mean '-Wunused-parameter'?
CMakeFiles/cmTC_6ad64.dir/build.make:77: recipe for target 'CMakeFiles/cmTC_6ad64.dir/src.c.o' failed
make[1]: *** [CMakeFiles/cmTC_6ad64.dir/src.c.o] Error 1
make[1]: Leaving directory '/home/aaa/fp-solver/cvc5/build/CMakeFiles/CMakeTmp'
Makefile:127: recipe for target 'cmTC_6ad64/fast' failed
make: *** [cmTC_6ad64/fast] Error 2


Source file was:
int main(void) { return 0; }
Performing C++ SOURCE FILE Test HAVE_CXX_FLAG_Wunused_private_field failed with the following output:
Change Dir: /home/aaa/fp-solver/cvc5/build/CMakeFiles/CMakeTmp

Run Build Command(s):/usr/bin/make -f Makefile cmTC_6e868/fast && /usr/bin/make  -f CMakeFiles/cmTC_6e868.dir/build.make CMakeFiles/cmTC_6e868.dir/build
make[1]: Entering directory '/home/aaa/fp-solver/cvc5/build/CMakeFiles/CMakeTmp'
Building CXX object CMakeFiles/cmTC_6e868.dir/src.cxx.o
/usr/bin/c++ -DHAVE_CXX_FLAG_Wunused_private_field  -O3 -Wall    -Wunused-private-field -std=c++1z -o CMakeFiles/cmTC_6e868.dir/src.cxx.o -c /home/aaa/fp-solver/cvc5/build/CMakeFiles/CMakeTmp/src.cxx
c++: error: unrecognized command line option '-Wunused-private-field'; did you mean '-Wunused-parameter'?
CMakeFiles/cmTC_6e868.dir/build.make:77: recipe for target 'CMakeFiles/cmTC_6e868.dir/src.cxx.o' failed
make[1]: *** [CMakeFiles/cmTC_6e868.dir/src.cxx.o] Error 1
make[1]: Leaving directory '/home/aaa/fp-solver/cvc5/build/CMakeFiles/CMakeTmp'
Makefile:127: recipe for target 'cmTC_6e868/fast' failed
make: *** [cmTC_6e868/fast] Error 2


Source file was:
int main() { return 0; }
Performing C++ SOURCE FILE Test HAVE_CXX_FLAG_Wclass_memaccess failed with the following output:
Change Dir: /home/aaa/fp-solver/cvc5/build/CMakeFiles/CMakeTmp

Run Build Command(s):/usr/bin/make -f Makefile cmTC_d8eb1/fast && /usr/bin/make  -f CMakeFiles/cmTC_d8eb1.dir/build.make CMakeFiles/cmTC_d8eb1.dir/build
make[1]: Entering directory '/home/aaa/fp-solver/cvc5/build/CMakeFiles/CMakeTmp'
Building CXX object CMakeFiles/cmTC_d8eb1.dir/src.cxx.o
/usr/bin/c++ -DHAVE_CXX_FLAG_Wclass_memaccess  -O3 -Wall -Wsuggest-override -Wnon-virtual-dtor -Wimplicit-fallthrough -Wshadow -fno-extern-tls-init    -Wclass-memaccess -std=c++1z -o CMakeFiles/cmTC_d8eb1.dir/src.cxx.o -c /home/aaa/fp-solver/cvc5/build/CMakeFiles/CMakeTmp/src.cxx
c++: error: unrecognized command line option '-Wclass-memaccess'
CMakeFiles/cmTC_d8eb1.dir/build.make:77: recipe for target 'CMakeFiles/cmTC_d8eb1.dir/src.cxx.o' failed
make[1]: *** [CMakeFiles/cmTC_d8eb1.dir/src.cxx.o] Error 1
make[1]: Leaving directory '/home/aaa/fp-solver/cvc5/build/CMakeFiles/CMakeTmp'
Makefile:127: recipe for target 'cmTC_d8eb1/fast' failed
make: *** [cmTC_d8eb1/fast] Error 2


Source file was:
int main() { return 0; }
Determining if the getc_unlocked exist failed with the following output:
Change Dir: /home/aaa/fp-solver/cvc5/build/CMakeFiles/CMakeTmp

Run Build Command(s):/usr/bin/make -f Makefile cmTC_9ddc9/fast && /usr/bin/make  -f CMakeFiles/cmTC_9ddc9.dir/build.make CMakeFiles/cmTC_9ddc9.dir/build
make[1]: Entering directory '/home/aaa/fp-solver/cvc5/build/CMakeFiles/CMakeTmp'
Building C object CMakeFiles/cmTC_9ddc9.dir/CheckSymbolExists.c.o
/usr/bin/cc   -O3 -Wall -fexceptions -Wimplicit-fallthrough -Wshadow  -std=gnu99 -o CMakeFiles/cmTC_9ddc9.dir/CheckSymbolExists.c.o -c /home/aaa/fp-solver/cvc5/build/CMakeFiles/CMakeTmp/CheckSymbolExists.c
/home/aaa/fp-solver/cvc5/build/CMakeFiles/CMakeTmp/CheckSymbolExists.c:2:10: fatal error: cstdio: No such file or directory
 #include <cstdio>
          ^~~~~~~~
compilation terminated.
CMakeFiles/cmTC_9ddc9.dir/build.make:77: recipe for target 'CMakeFiles/cmTC_9ddc9.dir/CheckSymbolExists.c.o' failed
make[1]: *** [CMakeFiles/cmTC_9ddc9.dir/CheckSymbolExists.c.o] Error 1
make[1]: Leaving directory '/home/aaa/fp-solver/cvc5/build/CMakeFiles/CMakeTmp'
Makefile:127: recipe for target 'cmTC_9ddc9/fast' failed
make: *** [cmTC_9ddc9/fast] Error 2


File /home/aaa/fp-solver/cvc5/build/CMakeFiles/CMakeTmp/CheckSymbolExists.c:
/* */
#include <cstdio>

int main(int argc, char** argv)
{
  (void)argv;
#ifndef getc_unlocked
  return ((int*)(&getc_unlocked))[argc];
#else
  (void)argc;
  return 0;
#endif
}
Performing C++ SOURCE FILE Test CVC5_NEED_INT64_T_OVERLOADS failed with the following output:
Change Dir: /home/aaa/fp-solver/cvc5/build/CMakeFiles/CMakeTmp

Run Build Command(s):/usr/bin/make -f Makefile cmTC_d6f81/fast && /usr/bin/make  -f CMakeFiles/cmTC_d6f81.dir/build.make CMakeFiles/cmTC_d6f81.dir/build
make[1]: Entering directory '/home/aaa/fp-solver/cvc5/build/CMakeFiles/CMakeTmp'
Building CXX object CMakeFiles/cmTC_d6f81.dir/src.cxx.o
/usr/bin/c++ -DCVC5_NEED_INT64_T_OVERLOADS  -O3 -Wall -Wsuggest-override -Wnon-virtual-dtor -Wimplicit-fallthrough -Wshadow -fno-extern-tls-init  -std=c++1z -o CMakeFiles/cmTC_d6f81.dir/src.cxx.o -c /home/aaa/fp-solver/cvc5/build/CMakeFiles/CMakeTmp/src.cxx
/home/aaa/fp-solver/cvc5/build/CMakeFiles/CMakeTmp/src.cxx: In function ‘void foo(int64_t)’:
/home/aaa/fp-solver/cvc5/build/CMakeFiles/CMakeTmp/src.cxx:4:8: error: redefinition of ‘void foo(int64_t)’
   void foo(int64_t) {}
        ^~~
/home/aaa/fp-solver/cvc5/build/CMakeFiles/CMakeTmp/src.cxx:3:8: note: ‘void foo(long int)’ previously defined here
   void foo(long) {}
        ^~~
CMakeFiles/cmTC_d6f81.dir/build.make:77: recipe for target 'CMakeFiles/cmTC_d6f81.dir/src.cxx.o' failed
make[1]: *** [CMakeFiles/cmTC_d6f81.dir/src.cxx.o] Error 1
make[1]: Leaving directory '/home/aaa/fp-solver/cvc5/build/CMakeFiles/CMakeTmp'
Makefile:127: recipe for target 'cmTC_d6f81/fast' failed
make: *** [cmTC_d6f81/fast] Error 2


Source file was:

  #include <stdint.h>
  void foo(long) {}
  void foo(int64_t) {}
  int main() { return 0; }
  
Performing C++ SOURCE FILE Test CVC5_NEED_HASH_UINT64_T_OVERLOAD failed with the following output:
Change Dir: /home/aaa/fp-solver/cvc5/build/CMakeFiles/CMakeTmp

Run Build Command(s):/usr/bin/make -f Makefile cmTC_32c95/fast && /usr/bin/make  -f CMakeFiles/cmTC_32c95.dir/build.make CMakeFiles/cmTC_32c95.dir/build
make[1]: Entering directory '/home/aaa/fp-solver/cvc5/build/CMakeFiles/CMakeTmp'
Building CXX object CMakeFiles/cmTC_32c95.dir/src.cxx.o
/usr/bin/c++ -DCVC5_NEED_HASH_UINT64_T_OVERLOAD  -O3 -Wall -Wsuggest-override -Wnon-virtual-dtor -Wimplicit-fallthrough -Wshadow -fno-extern-tls-init  -std=c++1z -o CMakeFiles/cmTC_32c95.dir/src.cxx.o -c /home/aaa/fp-solver/cvc5/build/CMakeFiles/CMakeTmp/src.cxx
/home/aaa/fp-solver/cvc5/build/CMakeFiles/CMakeTmp/src.cxx:4:37: error: redefinition of ‘struct std::hash<long unsigned int>’
   namespace std { template<> struct hash<uint64_t> {}; }
                                     ^~~~~~~~~~~~~~
In file included from /usr/include/c++/7/string_view:43:0,
                 from /usr/include/c++/7/bits/basic_string.h:48,
                 from /usr/include/c++/7/string:52,
                 from /usr/include/c++/7/stdexcept:39,
                 from /usr/include/c++/7/array:39,
                 from /usr/include/c++/7/tuple:39,
                 from /usr/include/c++/7/functional:54,
                 from /home/aaa/fp-solver/cvc5/build/CMakeFiles/CMakeTmp/src.cxx:3:
/usr/include/c++/7/bits/functional_hash.h:163:3: note: previous definition of ‘struct std::hash<long unsigned int>’
   _Cxx_hashtable_define_trivial_hash(unsigned long)
   ^
CMakeFiles/cmTC_32c95.dir/build.make:77: recipe for target 'CMakeFiles/cmTC_32c95.dir/src.cxx.o' failed
make[1]: *** [CMakeFiles/cmTC_32c95.dir/src.cxx.o] Error 1
make[1]: Leaving directory '/home/aaa/fp-solver/cvc5/build/CMakeFiles/CMakeTmp'
Makefile:127: recipe for target 'cmTC_32c95/fast' failed
make: *** [cmTC_32c95/fast] Error 2


Source file was:

  #include <cstdint>
  #include <functional>
  namespace std { template<> struct hash<uint64_t> {}; }
  int main() { return 0; }
  
Determining if the optreset exist failed with the following output:
Change Dir: /home/aaa/fp-solver/cvc5/build/CMakeFiles/CMakeTmp

Run Build Command(s):/usr/bin/make -f Makefile cmTC_33953/fast && /usr/bin/make  -f CMakeFiles/cmTC_33953.dir/build.make CMakeFiles/cmTC_33953.dir/build
make[1]: Entering directory '/home/aaa/fp-solver/cvc5/build/CMakeFiles/CMakeTmp'
Building C object CMakeFiles/cmTC_33953.dir/CheckSymbolExists.c.o
/usr/bin/cc   -O3 -Wall -fexceptions -Wimplicit-fallthrough -Wshadow  -std=gnu99 -o CMakeFiles/cmTC_33953.dir/CheckSymbolExists.c.o -c /home/aaa/fp-solver/cvc5/build/CMakeFiles/CMakeTmp/CheckSymbolExists.c
/home/aaa/fp-solver/cvc5/build/CMakeFiles/CMakeTmp/CheckSymbolExists.c: In function ‘main’:
/home/aaa/fp-solver/cvc5/build/CMakeFiles/CMakeTmp/CheckSymbolExists.c:8:19: error: ‘optreset’ undeclared (first use in this function); did you mean ‘optopt’?
   return ((int*)(&optreset))[argc];
                   ^~~~~~~~
                   optopt
/home/aaa/fp-solver/cvc5/build/CMakeFiles/CMakeTmp/CheckSymbolExists.c:8:19: note: each undeclared identifier is reported only once for each function it appears in
CMakeFiles/cmTC_33953.dir/build.make:77: recipe for target 'CMakeFiles/cmTC_33953.dir/CheckSymbolExists.c.o' failed
make[1]: *** [CMakeFiles/cmTC_33953.dir/CheckSymbolExists.c.o] Error 1
make[1]: Leaving directory '/home/aaa/fp-solver/cvc5/build/CMakeFiles/CMakeTmp'
Makefile:127: recipe for target 'cmTC_33953/fast' failed
make: *** [cmTC_33953/fast] Error 2


File /home/aaa/fp-solver/cvc5/build/CMakeFiles/CMakeTmp/CheckSymbolExists.c:
/* */
#include <getopt.h>

int main(int argc, char** argv)
{
  (void)argv;
#ifndef optreset
  return ((int*)(&optreset))[argc];
#else
  (void)argc;
  return 0;
#endif
}
Performing C SOURCE FILE Test STRERROR_R_CHAR_P failed with the following output:
Change Dir: /home/aaa/fp-solver/cvc5/build/CMakeFiles/CMakeTmp

Run Build Command(s):/usr/bin/make -f Makefile cmTC_a4b0c/fast && /usr/bin/make  -f CMakeFiles/cmTC_a4b0c.dir/build.make CMakeFiles/cmTC_a4b0c.dir/build
make[1]: Entering directory '/home/aaa/fp-solver/cvc5/build/CMakeFiles/CMakeTmp'
Building C object CMakeFiles/cmTC_a4b0c.dir/src.c.o
/usr/bin/cc -DSTRERROR_R_CHAR_P  -O3 -Wall -fexceptions -Wimplicit-fallthrough -Wshadow  -std=gnu99 -o CMakeFiles/cmTC_a4b0c.dir/src.c.o -c /home/aaa/fp-solver/cvc5/build/CMakeFiles/CMakeTmp/src.c
/home/aaa/fp-solver/cvc5/build/CMakeFiles/CMakeTmp/src.c: In function ‘main’:
/home/aaa/fp-solver/cvc5/build/CMakeFiles/CMakeTmp/src.c:6:14: error: invalid type argument of unary ‘*’ (have ‘int’)
     char c = *strerror_r(0, buf, 0);
              ^~~~~~~~~~~~~~~~~~~~~~
/home/aaa/fp-solver/cvc5/build/CMakeFiles/CMakeTmp/src.c:6:10: warning: unused variable ‘c’ [-Wunused-variable]
     char c = *strerror_r(0, buf, 0);
          ^
CMakeFiles/cmTC_a4b0c.dir/build.make:77: recipe for target 'CMakeFiles/cmTC_a4b0c.dir/src.c.o' failed
make[1]: *** [CMakeFiles/cmTC_a4b0c.dir/src.c.o] Error 1
make[1]: Leaving directory '/home/aaa/fp-solver/cvc5/build/CMakeFiles/CMakeTmp'
Makefile:127: recipe for target 'cmTC_a4b0c/fast' failed
make: *** [cmTC_a4b0c/fast] Error 2


Source file was:

  #include <string.h>
  int main(void)
  {
    char buf[1];
    char c = *strerror_r(0, buf, 0);
    return 0;
  }
  
Performing C SOURCE FILE Test HAVE_C_FLAG_Wunused_private_field failed with the following output:
Change Dir: /home/aaa/fp-solver/cvc5/build/CMakeFiles/CMakeTmp

Run Build Command(s):/usr/bin/make -f Makefile cmTC_63f3d/fast && /usr/bin/make  -f CMakeFiles/cmTC_63f3d.dir/build.make CMakeFiles/cmTC_63f3d.dir/build
make[1]: Entering directory '/home/aaa/fp-solver/cvc5/build/CMakeFiles/CMakeTmp'
Building C object CMakeFiles/cmTC_63f3d.dir/src.c.o
/usr/bin/cc -DHAVE_C_FLAG_Wunused_private_field  -O3 -Wall    -Wunused-private-field -std=gnu99 -o CMakeFiles/cmTC_63f3d.dir/src.c.o -c /home/aaa/fp-solver/cvc5/build/CMakeFiles/CMakeTmp/src.c
cc: error: unrecognized command line option '-Wunused-private-field'; did you mean '-Wunused-parameter'?
CMakeFiles/cmTC_63f3d.dir/build.make:77: recipe for target 'CMakeFiles/cmTC_63f3d.dir/src.c.o' failed
make[1]: *** [CMakeFiles/cmTC_63f3d.dir/src.c.o] Error 1
make[1]: Leaving directory '/home/aaa/fp-solver/cvc5/build/CMakeFiles/CMakeTmp'
Makefile:127: recipe for target 'cmTC_63f3d/fast' failed
make: *** [cmTC_63f3d/fast] Error 2


Source file was:
int main(void) { return 0; }
Performing C++ SOURCE FILE Test HAVE_CXX_FLAG_Wunused_private_field failed with the following output:
Change Dir: /home/aaa/fp-solver/cvc5/build/CMakeFiles/CMakeTmp

Run Build Command(s):/usr/bin/make -f Makefile cmTC_5dacf/fast && /usr/bin/make  -f CMakeFiles/cmTC_5dacf.dir/build.make CMakeFiles/cmTC_5dacf.dir/build
make[1]: Entering directory '/home/aaa/fp-solver/cvc5/build/CMakeFiles/CMakeTmp'
Building CXX object CMakeFiles/cmTC_5dacf.dir/src.cxx.o
/usr/bin/c++ -DHAVE_CXX_FLAG_Wunused_private_field  -O3 -Wall    -Wunused-private-field -std=c++1z -o CMakeFiles/cmTC_5dacf.dir/src.cxx.o -c /home/aaa/fp-solver/cvc5/build/CMakeFiles/CMakeTmp/src.cxx
c++: error: unrecognized command line option '-Wunused-private-field'; did you mean '-Wunused-parameter'?
CMakeFiles/cmTC_5dacf.dir/build.make:77: recipe for target 'CMakeFiles/cmTC_5dacf.dir/src.cxx.o' failed
make[1]: *** [CMakeFiles/cmTC_5dacf.dir/src.cxx.o] Error 1
make[1]: Leaving directory '/home/aaa/fp-solver/cvc5/build/CMakeFiles/CMakeTmp'
Makefile:127: recipe for target 'cmTC_5dacf/fast' failed
make: *** [cmTC_5dacf/fast] Error 2


Source file was:
int main() { return 0; }
Performing C++ SOURCE FILE Test HAVE_CXX_FLAG_Wclass_memaccess failed with the following output:
Change Dir: /home/aaa/fp-solver/cvc5/build/CMakeFiles/CMakeTmp

Run Build Command(s):/usr/bin/make -f Makefile cmTC_adab8/fast && /usr/bin/make  -f CMakeFiles/cmTC_adab8.dir/build.make CMakeFiles/cmTC_adab8.dir/build
make[1]: Entering directory '/home/aaa/fp-solver/cvc5/build/CMakeFiles/CMakeTmp'
Building CXX object CMakeFiles/cmTC_adab8.dir/src.cxx.o
/usr/bin/c++ -DHAVE_CXX_FLAG_Wclass_memaccess  -O3 -Wall -Wsuggest-override -Wnon-virtual-dtor -Wimplicit-fallthrough -Wshadow -fno-extern-tls-init    -Wclass-memaccess -std=c++1z -o CMakeFiles/cmTC_adab8.dir/src.cxx.o -c /home/aaa/fp-solver/cvc5/build/CMakeFiles/CMakeTmp/src.cxx
c++: error: unrecognized command line option '-Wclass-memaccess'
CMakeFiles/cmTC_adab8.dir/build.make:77: recipe for target 'CMakeFiles/cmTC_adab8.dir/src.cxx.o' failed
make[1]: *** [CMakeFiles/cmTC_adab8.dir/src.cxx.o] Error 1
make[1]: Leaving directory '/home/aaa/fp-solver/cvc5/build/CMakeFiles/CMakeTmp'
Makefile:127: recipe for target 'cmTC_adab8/fast' failed
make: *** [cmTC_adab8/fast] Error 2


Source file was:
int main() { return 0; }
Determining if the getc_unlocked exist failed with the following output:
Change Dir: /home/aaa/fp-solver/cvc5/build/CMakeFiles/CMakeTmp

Run Build Command(s):/usr/bin/make -f Makefile cmTC_4964c/fast && /usr/bin/make  -f CMakeFiles/cmTC_4964c.dir/build.make CMakeFiles/cmTC_4964c.dir/build
make[1]: Entering directory '/home/aaa/fp-solver/cvc5/build/CMakeFiles/CMakeTmp'
Building C object CMakeFiles/cmTC_4964c.dir/CheckSymbolExists.c.o
/usr/bin/cc   -O3 -Wall -fexceptions -Wimplicit-fallthrough -Wshadow  -std=gnu99 -o CMakeFiles/cmTC_4964c.dir/CheckSymbolExists.c.o -c /home/aaa/fp-solver/cvc5/build/CMakeFiles/CMakeTmp/CheckSymbolExists.c
/home/aaa/fp-solver/cvc5/build/CMakeFiles/CMakeTmp/CheckSymbolExists.c:2:10: fatal error: cstdio: No such file or directory
 #include <cstdio>
          ^~~~~~~~
compilation terminated.
CMakeFiles/cmTC_4964c.dir/build.make:77: recipe for target 'CMakeFiles/cmTC_4964c.dir/CheckSymbolExists.c.o' failed
make[1]: *** [CMakeFiles/cmTC_4964c.dir/CheckSymbolExists.c.o] Error 1
make[1]: Leaving directory '/home/aaa/fp-solver/cvc5/build/CMakeFiles/CMakeTmp'
Makefile:127: recipe for target 'cmTC_4964c/fast' failed
make: *** [cmTC_4964c/fast] Error 2


File /home/aaa/fp-solver/cvc5/build/CMakeFiles/CMakeTmp/CheckSymbolExists.c:
/* */
#include <cstdio>

int main(int argc, char** argv)
{
  (void)argv;
#ifndef getc_unlocked
  return ((int*)(&getc_unlocked))[argc];
#else
  (void)argc;
  return 0;
#endif
}
Performing C++ SOURCE FILE Test CVC5_NEED_INT64_T_OVERLOADS failed with the following output:
Change Dir: /home/aaa/fp-solver/cvc5/build/CMakeFiles/CMakeTmp

Run Build Command(s):/usr/bin/make -f Makefile cmTC_a519d/fast && /usr/bin/make  -f CMakeFiles/cmTC_a519d.dir/build.make CMakeFiles/cmTC_a519d.dir/build
make[1]: Entering directory '/home/aaa/fp-solver/cvc5/build/CMakeFiles/CMakeTmp'
Building CXX object CMakeFiles/cmTC_a519d.dir/src.cxx.o
/usr/bin/c++ -DCVC5_NEED_INT64_T_OVERLOADS  -O3 -Wall -Wsuggest-override -Wnon-virtual-dtor -Wimplicit-fallthrough -Wshadow -fno-extern-tls-init  -std=c++1z -o CMakeFiles/cmTC_a519d.dir/src.cxx.o -c /home/aaa/fp-solver/cvc5/build/CMakeFiles/CMakeTmp/src.cxx
/home/aaa/fp-solver/cvc5/build/CMakeFiles/CMakeTmp/src.cxx: In function ‘void foo(int64_t)’:
/home/aaa/fp-solver/cvc5/build/CMakeFiles/CMakeTmp/src.cxx:4:8: error: redefinition of ‘void foo(int64_t)’
   void foo(int64_t) {}
        ^~~
/home/aaa/fp-solver/cvc5/build/CMakeFiles/CMakeTmp/src.cxx:3:8: note: ‘void foo(long int)’ previously defined here
   void foo(long) {}
        ^~~
CMakeFiles/cmTC_a519d.dir/build.make:77: recipe for target 'CMakeFiles/cmTC_a519d.dir/src.cxx.o' failed
make[1]: *** [CMakeFiles/cmTC_a519d.dir/src.cxx.o] Error 1
make[1]: Leaving directory '/home/aaa/fp-solver/cvc5/build/CMakeFiles/CMakeTmp'
Makefile:127: recipe for target 'cmTC_a519d/fast' failed
make: *** [cmTC_a519d/fast] Error 2


Source file was:

  #include <stdint.h>
  void foo(long) {}
  void foo(int64_t) {}
  int main() { return 0; }
  
Performing C++ SOURCE FILE Test CVC5_NEED_HASH_UINT64_T_OVERLOAD failed with the following output:
Change Dir: /home/aaa/fp-solver/cvc5/build/CMakeFiles/CMakeTmp

Run Build Command(s):/usr/bin/make -f Makefile cmTC_c5aea/fast && /usr/bin/make  -f CMakeFiles/cmTC_c5aea.dir/build.make CMakeFiles/cmTC_c5aea.dir/build
make[1]: Entering directory '/home/aaa/fp-solver/cvc5/build/CMakeFiles/CMakeTmp'
Building CXX object CMakeFiles/cmTC_c5aea.dir/src.cxx.o
/usr/bin/c++ -DCVC5_NEED_HASH_UINT64_T_OVERLOAD  -O3 -Wall -Wsuggest-override -Wnon-virtual-dtor -Wimplicit-fallthrough -Wshadow -fno-extern-tls-init  -std=c++1z -o CMakeFiles/cmTC_c5aea.dir/src.cxx.o -c /home/aaa/fp-solver/cvc5/build/CMakeFiles/CMakeTmp/src.cxx
/home/aaa/fp-solver/cvc5/build/CMakeFiles/CMakeTmp/src.cxx:4:37: error: redefinition of ‘struct std::hash<long unsigned int>’
   namespace std { template<> struct hash<uint64_t> {}; }
                                     ^~~~~~~~~~~~~~
In file included from /usr/include/c++/7/string_view:43:0,
                 from /usr/include/c++/7/bits/basic_string.h:48,
                 from /usr/include/c++/7/string:52,
                 from /usr/include/c++/7/stdexcept:39,
                 from /usr/include/c++/7/array:39,
                 from /usr/include/c++/7/tuple:39,
                 from /usr/include/c++/7/functional:54,
                 from /home/aaa/fp-solver/cvc5/build/CMakeFiles/CMakeTmp/src.cxx:3:
/usr/include/c++/7/bits/functional_hash.h:163:3: note: previous definition of ‘struct std::hash<long unsigned int>’
   _Cxx_hashtable_define_trivial_hash(unsigned long)
   ^
CMakeFiles/cmTC_c5aea.dir/build.make:77: recipe for target 'CMakeFiles/cmTC_c5aea.dir/src.cxx.o' failed
make[1]: *** [CMakeFiles/cmTC_c5aea.dir/src.cxx.o] Error 1
make[1]: Leaving directory '/home/aaa/fp-solver/cvc5/build/CMakeFiles/CMakeTmp'
Makefile:127: recipe for target 'cmTC_c5aea/fast' failed
make: *** [cmTC_c5aea/fast] Error 2


Source file was:

  #include <cstdint>
  #include <functional>
  namespace std { template<> struct hash<uint64_t> {}; }
  int main() { return 0; }
  
Determining if the optreset exist failed with the following output:
Change Dir: /home/aaa/fp-solver/cvc5/build/CMakeFiles/CMakeTmp

Run Build Command(s):/usr/bin/make -f Makefile cmTC_d2e27/fast && /usr/bin/make  -f CMakeFiles/cmTC_d2e27.dir/build.make CMakeFiles/cmTC_d2e27.dir/build
make[1]: Entering directory '/home/aaa/fp-solver/cvc5/build/CMakeFiles/CMakeTmp'
Building C object CMakeFiles/cmTC_d2e27.dir/CheckSymbolExists.c.o
/usr/bin/cc   -O3 -Wall -fexceptions -Wimplicit-fallthrough -Wshadow  -std=gnu99 -o CMakeFiles/cmTC_d2e27.dir/CheckSymbolExists.c.o -c /home/aaa/fp-solver/cvc5/build/CMakeFiles/CMakeTmp/CheckSymbolExists.c
/home/aaa/fp-solver/cvc5/build/CMakeFiles/CMakeTmp/CheckSymbolExists.c: In function ‘main’:
/home/aaa/fp-solver/cvc5/build/CMakeFiles/CMakeTmp/CheckSymbolExists.c:8:19: error: ‘optreset’ undeclared (first use in this function); did you mean ‘optopt’?
   return ((int*)(&optreset))[argc];
                   ^~~~~~~~
                   optopt
/home/aaa/fp-solver/cvc5/build/CMakeFiles/CMakeTmp/CheckSymbolExists.c:8:19: note: each undeclared identifier is reported only once for each function it appears in
CMakeFiles/cmTC_d2e27.dir/build.make:77: recipe for target 'CMakeFiles/cmTC_d2e27.dir/CheckSymbolExists.c.o' failed
make[1]: *** [CMakeFiles/cmTC_d2e27.dir/CheckSymbolExists.c.o] Error 1
make[1]: Leaving directory '/home/aaa/fp-solver/cvc5/build/CMakeFiles/CMakeTmp'
Makefile:127: recipe for target 'cmTC_d2e27/fast' failed
make: *** [cmTC_d2e27/fast] Error 2


File /home/aaa/fp-solver/cvc5/build/CMakeFiles/CMakeTmp/CheckSymbolExists.c:
/* */
#include <getopt.h>

int main(int argc, char** argv)
{
  (void)argv;
#ifndef optreset
  return ((int*)(&optreset))[argc];
#else
  (void)argc;
  return 0;
#endif
}
Performing C SOURCE FILE Test STRERROR_R_CHAR_P failed with the following output:
Change Dir: /home/aaa/fp-solver/cvc5/build/CMakeFiles/CMakeTmp

Run Build Command(s):/usr/bin/make -f Makefile cmTC_2fb67/fast && /usr/bin/make  -f CMakeFiles/cmTC_2fb67.dir/build.make CMakeFiles/cmTC_2fb67.dir/build
make[1]: Entering directory '/home/aaa/fp-solver/cvc5/build/CMakeFiles/CMakeTmp'
Building C object CMakeFiles/cmTC_2fb67.dir/src.c.o
/usr/bin/cc -DSTRERROR_R_CHAR_P  -O3 -Wall -fexceptions -Wimplicit-fallthrough -Wshadow  -std=gnu99 -o CMakeFiles/cmTC_2fb67.dir/src.c.o -c /home/aaa/fp-solver/cvc5/build/CMakeFiles/CMakeTmp/src.c
/home/aaa/fp-solver/cvc5/build/CMakeFiles/CMakeTmp/src.c: In function ‘main’:
/home/aaa/fp-solver/cvc5/build/CMakeFiles/CMakeTmp/src.c:6:14: error: invalid type argument of unary ‘*’ (have ‘int’)
     char c = *strerror_r(0, buf, 0);
              ^~~~~~~~~~~~~~~~~~~~~~
/home/aaa/fp-solver/cvc5/build/CMakeFiles/CMakeTmp/src.c:6:10: warning: unused variable ‘c’ [-Wunused-variable]
     char c = *strerror_r(0, buf, 0);
          ^
CMakeFiles/cmTC_2fb67.dir/build.make:77: recipe for target 'CMakeFiles/cmTC_2fb67.dir/src.c.o' failed
make[1]: *** [CMakeFiles/cmTC_2fb67.dir/src.c.o] Error 1
make[1]: Leaving directory '/home/aaa/fp-solver/cvc5/build/CMakeFiles/CMakeTmp'
Makefile:127: recipe for target 'cmTC_2fb67/fast' failed
make: *** [cmTC_2fb67/fast] Error 2


Source file was:

  #include <string.h>
  int main(void)
  {
    char buf[1];
    char c = *strerror_r(0, buf, 0);
    return 0;
  }
  
